
****** PlanAhead v14.7 (64-bit)
  **** Build 321239 by xbuild on Fri Sep 27 19:29:51 MDT 2013
    ** Copyright 1986-1999, 2001-2013 Xilinx, Inc. All Rights Reserved.

INFO: [Common 17-78] Attempting to get a license: PlanAhead
INFO: [Common 17-290] Got license for PlanAhead
INFO: [Device 21-36] Loading parts and site information from C:/Xilinx/14.7/ISE_DS/PlanAhead/data/parts/arch.xml
Parsing RTL primitives file [C:/Xilinx/14.7/ISE_DS/PlanAhead/data/parts/xilinx/rtl/prims/rtl_prims.xml]
Finished parsing RTL primitives file [C:/Xilinx/14.7/ISE_DS/PlanAhead/data/parts/xilinx/rtl/prims/rtl_prims.xml]
start_gui
source D:/MyDocs/Desktop/Mojo-Base/syn/pa.fromNetlist.tcl
# create_project -name Mojo-Base -dir "D:/MyDocs/Desktop/Mojo-Base/syn/planAhead_run_2" -part xc6slx9tqg144-2
# set_property design_mode GateLvl [get_property srcset [current_run -impl]]
# set_property edif_top_file "D:/MyDocs/Desktop/Mojo-Base/syn/mojo_top.ngc" [ get_property srcset [ current_run ] ]
# add_files -norecurse { {D:/MyDocs/Desktop/Mojo-Base/syn} }
# set_property target_constrs_file "D:/MyDocs/Desktop/Mojo-Base/src/mojo.ucf" [current_fileset -constrset]
Adding file 'D:/MyDocs/Desktop/Mojo-Base/src/mojo.ucf' to fileset 'constrs_1'
INFO: [Common 17-41] Interrupt caught. Command should exit soon.
INFO: [Common 17-344] 'source' was cancelled
exit
ERROR: [Common 17-39] 'stop_gui' failed due to earlier errors.
INFO: [Common 17-206] Exiting PlanAhead at Sat Dec 07 17:57:29 2013...
INFO: [Common 17-83] Releasing license: PlanAhead
