#-----------------------------------------------------------
# PlanAhead v14.7 (64-bit)
# Build 321239 by xbuild on Fri Sep 27 19:29:51 MDT 2013
# Start of session at: Sat Dec 07 17:57:12 2013
# Process ID: 6132
# Log file: D:/MyDocs/Desktop/Mojo-Base/syn/planAhead_run_2/planAhead.log
# Journal file: D:/MyDocs/Desktop/Mojo-Base/syn/planAhead_run_2/planAhead.jou
#-----------------------------------------------------------
INFO: [Common 17-78] Attempting to get a license: PlanAhead
INFO: [Common 17-290] Got license for PlanAhead
INFO: [Device 21-36] Loading parts and site information from C:/Xilinx/14.7/ISE_DS/PlanAhead/data/parts/arch.xml
Parsing RTL primitives file [C:/Xilinx/14.7/ISE_DS/PlanAhead/data/parts/xilinx/rtl/prims/rtl_prims.xml]
Finished parsing RTL primitives file [C:/Xilinx/14.7/ISE_DS/PlanAhead/data/parts/xilinx/rtl/prims/rtl_prims.xml]
start_gui
source D:/MyDocs/Desktop/Mojo-Base/syn/pa.fromNetlist.tcl
# create_project -name Mojo-Base -dir "D:/MyDocs/Desktop/Mojo-Base/syn/planAhead_run_2" -part xc6slx9tqg144-2
# set_property design_mode GateLvl [get_property srcset [current_run -impl]]
# set_property edif_top_file "D:/MyDocs/Desktop/Mojo-Base/syn/mojo_top.ngc" [ get_property srcset [ current_run ] ]
# add_files -norecurse { {D:/MyDocs/Desktop/Mojo-Base/syn} }
# set_property target_constrs_file "D:/MyDocs/Desktop/Mojo-Base/src/mojo.ucf" [current_fileset -constrset]
Adding file 'D:/MyDocs/Desktop/Mojo-Base/src/mojo.ucf' to fileset 'constrs_1'
INFO: [Common 17-41] Interrupt caught. Command should exit soon.
INFO: [Common 17-344] 'source' was cancelled
exit
ERROR: [PlanAhead 12-106] *** Exception: ui.h.b: Found deleted key in HTclEventBroker. Verify if the classes listed here call cleanup()
HTclEvent: DEBUG_PORT_CONFIG_CHANGE   Classes: ui.views.aR 
HTclEvent: SIGNAL_BUS_MODIFY   Classes: ui.views.aR 
HTclEvent: DEBUG_CORE_CONFIG_CHANGE   Classes: ui.views.aR 
HTclEvent: SIGNAL_MODIFY   Classes: ui.views.aR 
 (See D:/MyDocs/Desktop/Mojo-Base/syn\planAhead_pid6132.debug)
ERROR: [Common 17-39] 'stop_gui' failed due to earlier errors.
INFO: [Common 17-206] Exiting PlanAhead at Sat Dec 07 17:57:29 2013...
INFO: [Common 17-83] Releasing license: PlanAhead
