Release 14.7 - WebTalk (P.20131013)
Copyright (c) 1995-2010 Xilinx, Inc.  All rights reserved.

Project Information
--------------------
ProjectID=F04BE7BB4526104AA483BCD2B63930B5
<<<<<<< HEAD
ProjectIteration=234
=======
ProjectIteration=358
>>>>>>> master

WebTalk Summary
----------------
INFO:WebTalk:1 - WebTalk is enabled because you are using a WebPACK license.

INFO:WebTalk:8 - WebTalk Install setting is ON.
INFO:WebTalk:6 - WebTalk User setting is ON.

<<<<<<< HEAD
INFO:WebTalk:5 - /home/zach/SeniorDesign/syn/usage_statistics_webtalk.html WebTalk report has not been sent to Xilinx.  Please check your network and proxy settings.  For additional details about this file, please refer to the WebTalk help file at /opt/xilinx/14.7/ISE_DS/ISE/data/reports/webtalk_introduction.html
=======
INFO:WebTalk:5 - D:/MyDocs/Documents/GitHub/SeniorDesign/syn/usage_statistics_webtalk.html WebTalk report has not been sent to Xilinx.  Please check your network and proxy settings.  For additional details about this file, please refer to the WebTalk help file at C:/Xilinx/14.7/ISE_DS/ISE/data/reports/webtalk_introduction.html
>>>>>>> master
