#-----------------------------------------------------------
# PlanAhead v14.7 (64-bit)
# Build 321239 by xbuild on Fri Sep 27 19:29:51 MDT 2013
# Start of session at: Sat Dec 07 17:55:19 2013
# Process ID: 6016
# Log file: D:/MyDocs/Desktop/Mojo-Base/syn/planAhead_run_1/planAhead.log
# Journal file: D:/MyDocs/Desktop/Mojo-Base/syn/planAhead_run_1/planAhead.jou
#-----------------------------------------------------------
INFO: [Common 17-78] Attempting to get a license: PlanAhead
INFO: [Common 17-290] Got license for PlanAhead
INFO: [Device 21-36] Loading parts and site information from C:/Xilinx/14.7/ISE_DS/PlanAhead/data/parts/arch.xml
Parsing RTL primitives file [C:/Xilinx/14.7/ISE_DS/PlanAhead/data/parts/xilinx/rtl/prims/rtl_prims.xml]
Finished parsing RTL primitives file [C:/Xilinx/14.7/ISE_DS/PlanAhead/data/parts/xilinx/rtl/prims/rtl_prims.xml]
start_gui
source D:/MyDocs/Desktop/Mojo-Base/syn/pa.fromNetlist.tcl
# create_project -name Mojo-Base -dir "D:/MyDocs/Desktop/Mojo-Base/syn/planAhead_run_2" -part xc6slx9tqg144-2
# set_property design_mode GateLvl [get_property srcset [current_run -impl]]
# set_property edif_top_file "D:/MyDocs/Desktop/Mojo-Base/syn/mojo_top.ngc" [ get_property srcset [ current_run ] ]
# add_files -norecurse { {D:/MyDocs/Desktop/Mojo-Base/syn} }
# set_property target_constrs_file "D:/MyDocs/Desktop/Mojo-Base/src/mojo.ucf" [current_fileset -constrset]
Adding file 'D:/MyDocs/Desktop/Mojo-Base/src/mojo.ucf' to fileset 'constrs_1'
# add_files [list {D:/MyDocs/Desktop/Mojo-Base/src/mojo.ucf}] -fileset [get_property constrset [current_run]]
# link_design
Design is defaulting to srcset: sources_1
Design is defaulting to constrset: constrs_1
Design is defaulting to project part: xc6slx9tqg144-2
Release 14.7 - ngc2edif P.20131013 (nt64)
Copyright (c) 1995-2013 Xilinx, Inc.  All rights reserved.
Reading design mojo_top.ngc ...
WARNING:NetListWriters:298 - No output is written to mojo_top.xncf, ignored.
Processing design ...
   Preping design's networks ...
   Preping design's macros ...
  finished :Prep
Writing EDIF netlist file mojo_top.edif ...
ngc2edif: Total memory usage is 78664 kilobytes

Parsing EDIF File [./planAhead_run_2/Mojo-Base.data/cache/mojo_top_ngc_zx.edif]
Finished Parsing EDIF File [./planAhead_run_2/Mojo-Base.data/cache/mojo_top_ngc_zx.edif]
Loading clock regions from C:/Xilinx/14.7/ISE_DS/PlanAhead/data\parts/xilinx/spartan6/spartan6lx/xc6slx9/ClockRegion.xml
Loading clock buffers from C:/Xilinx/14.7/ISE_DS/PlanAhead/data\parts/xilinx/spartan6/spartan6lx/xc6slx9/ClockBuffers.xml
Loading package pin functions from C:/Xilinx/14.7/ISE_DS/PlanAhead/data\parts/xilinx/spartan6/PinFunctions.xml...
Loading package from C:/Xilinx/14.7/ISE_DS/PlanAhead/data\parts/xilinx/spartan6/spartan6lx/xc6slx9/tqg144/Package.xml
Loading io standards from C:/Xilinx/14.7/ISE_DS/PlanAhead/data\./parts/xilinx/spartan6/IOStandards.xml
Loading device configuration modes from C:/Xilinx/14.7/ISE_DS/PlanAhead/data\parts/xilinx/spartan6/ConfigModes.xml
Loading list of drcs for the architecture : C:/Xilinx/14.7/ISE_DS/PlanAhead/data\./parts/xilinx/spartan6/drc.xml
Parsing UCF File [D:/MyDocs/Desktop/Mojo-Base/src/mojo.ucf]
CRITICAL WARNING: [Constraints 18-11] Could not find net 'clk' [D:/MyDocs/Desktop/Mojo-Base/src/mojo.ucf:2]
Finished Parsing UCF File [D:/MyDocs/Desktop/Mojo-Base/src/mojo.ucf]
CRITICAL WARNING: [Constraints 18-329] No definition for group 'clk', timing constraint is ignored [D:/MyDocs/Desktop/Mojo-Base/src/mojo.ucf:3]
INFO: [Designutils 20-20] Invalid constraints found, use command 'write_ucf -constraints invalid <file>' to save all the invalid constraints to a file
INFO: [Project 1-111] Unisim Transformation Summary:
No Unisim elements were transformed.

Phase 0 | Netlist Checksum: 771c01a9
link_design: Time (s): elapsed = 00:00:18 . Memory (MB): peak = 636.457 ; gain = 203.477
exit
ERROR: [PlanAhead 12-106] *** Exception: ui.h.b: Found deleted key in HTclEventBroker. Verify if the classes listed here call cleanup()
HTclEvent: DEBUG_CORE_CONFIG_CHANGE   Classes: ui.views.aR 
HTclEvent: SIGNAL_BUS_MODIFY   Classes: ui.views.aR 
HTclEvent: DEBUG_PORT_CONFIG_CHANGE   Classes: ui.views.aR 
HTclEvent: SIGNAL_MODIFY   Classes: ui.views.aR 
 (See D:/MyDocs/Desktop/Mojo-Base/syn\planAhead_pid6016.debug)
ERROR: [Common 17-39] 'stop_gui' failed due to earlier errors.
INFO: [Common 17-206] Exiting PlanAhead at Sat Dec 07 17:57:20 2013...
INFO: [Common 17-83] Releasing license: PlanAhead
